[1007/130318.554:ERROR:process_reader_win.cc(123)] NtOpenThread: {Access Denied} A process has requested access to an object, but has not been granted those access rights. (0xc0000022)
[1007/130318.565:ERROR:exception_snapshot_win.cc(98)] thread ID 19588 not found in process
[1007/131549.247:ERROR:process_reader_win.cc(123)] NtOpenThread: {Access Denied} A process has requested access to an object, but has not been granted those access rights. (0xc0000022)
[1007/131549.252:ERROR:exception_snapshot_win.cc(98)] thread ID 8804 not found in process
[1007/131720.798:ERROR:process_reader_win.cc(123)] NtOpenThread: {Access Denied} A process has requested access to an object, but has not been granted those access rights. (0xc0000022)
[1007/131720.803:ERROR:exception_snapshot_win.cc(98)] thread ID 9656 not found in process
[1007/132052.034:ERROR:process_reader_win.cc(123)] NtOpenThread: {Access Denied} A process has requested access to an object, but has not been granted those access rights. (0xc0000022)
[1007/132052.038:ERROR:exception_snapshot_win.cc(98)] thread ID 19756 not found in process
[1007/132141.256:ERROR:process_reader_win.cc(123)] NtOpenThread: {Access Denied} A process has requested access to an object, but has not been granted those access rights. (0xc0000022)
[1007/132141.259:ERROR:exception_snapshot_win.cc(98)] thread ID 21508 not found in process
[1007/132840.018:ERROR:process_reader_win.cc(123)] NtOpenThread: {Access Denied} A process has requested access to an object, but has not been granted those access rights. (0xc0000022)
[1007/132840.025:ERROR:exception_snapshot_win.cc(98)] thread ID 23356 not found in process
[1007/132919.599:ERROR:process_reader_win.cc(151)] SuspendThread: Access is denied. (0x5)
[1007/132919.607:ERROR:process_reader_win.cc(123)] NtOpenThread: {Access Denied} A process has requested access to an object, but has not been granted those access rights. (0xc0000022)
[1007/132919.607:ERROR:exception_snapshot_win.cc(98)] thread ID 20596 not found in process
[1007/133125.275:ERROR:process_reader_win.cc(123)] NtOpenThread: {Access Denied} A process has requested access to an object, but has not been granted those access rights. (0xc0000022)
[1007/133125.282:ERROR:exception_snapshot_win.cc(98)] thread ID 17368 not found in process
[1007/133251.782:ERROR:process_reader_win.cc(123)] NtOpenThread: {Access Denied} A process has requested access to an object, but has not been granted those access rights. (0xc0000022)
[1007/133251.787:ERROR:exception_snapshot_win.cc(98)] thread ID 22888 not found in process
[1007/133732.770:ERROR:process_reader_win.cc(123)] NtOpenThread: {Access Denied} A process has requested access to an object, but has not been granted those access rights. (0xc0000022)
[1007/133732.777:ERROR:exception_snapshot_win.cc(98)] thread ID 14368 not found in process
[1007/133734.583:ERROR:process_reader_win.cc(123)] NtOpenThread: {Access Denied} A process has requested access to an object, but has not been granted those access rights. (0xc0000022)
[1007/133734.584:ERROR:exception_snapshot_win.cc(98)] thread ID 21692 not found in process
[1007/133941.870:ERROR:process_reader_win.cc(123)] NtOpenThread: {Access Denied} A process has requested access to an object, but has not been granted those access rights. (0xc0000022)
[1007/133941.876:ERROR:exception_snapshot_win.cc(98)] thread ID 10904 not found in process
[1007/134126.511:ERROR:process_reader_win.cc(123)] NtOpenThread: {Access Denied} A process has requested access to an object, but has not been granted those access rights. (0xc0000022)
[1007/134126.524:ERROR:exception_snapshot_win.cc(98)] thread ID 3664 not found in process
[1007/134401.489:ERROR:process_reader_win.cc(123)] NtOpenThread: {Access Denied} A process has requested access to an object, but has not been granted those access rights. (0xc0000022)
[1007/134401.496:ERROR:exception_snapshot_win.cc(98)] thread ID 1100 not found in process
[1007/134500.950:ERROR:process_reader_win.cc(123)] NtOpenThread: {Access Denied} A process has requested access to an object, but has not been granted those access rights. (0xc0000022)
[1007/134500.951:ERROR:exception_snapshot_win.cc(98)] thread ID 5112 not found in process
[1007/140953.581:ERROR:process_reader_win.cc(151)] SuspendThread: Access is denied. (0x5)
[1007/140953.585:ERROR:process_reader_win.cc(123)] NtOpenThread: {Access Denied} A process has requested access to an object, but has not been granted those access rights. (0xc0000022)
[1007/140953.586:ERROR:exception_snapshot_win.cc(98)] thread ID 2360 not found in process
[1007/141332.583:ERROR:process_reader_win.cc(123)] NtOpenThread: {Access Denied} A process has requested access to an object, but has not been granted those access rights. (0xc0000022)
[1007/141332.588:ERROR:exception_snapshot_win.cc(98)] thread ID 9324 not found in process
[1007/141402.619:ERROR:process_reader_win.cc(123)] NtOpenThread: {Access Denied} A process has requested access to an object, but has not been granted those access rights. (0xc0000022)
[1007/141402.623:ERROR:exception_snapshot_win.cc(98)] thread ID 15064 not found in process
[1007/141417.056:ERROR:process_reader_win.cc(151)] SuspendThread: Access is denied. (0x5)
[1007/141417.061:ERROR:process_reader_win.cc(151)] SuspendThread: Access is denied. (0x5)
[1007/141417.061:ERROR:process_reader_win.cc(151)] SuspendThread: Access is denied. (0x5)
[1007/141417.061:ERROR:process_reader_win.cc(151)] SuspendThread: Access is denied. (0x5)
[1007/141417.061:ERROR:process_reader_win.cc(151)] SuspendThread: Access is denied. (0x5)
[1007/141417.061:ERROR:process_reader_win.cc(123)] NtOpenThread: {Access Denied} A process has requested access to an object, but has not been granted those access rights. (0xc0000022)
[1007/141417.061:ERROR:exception_snapshot_win.cc(98)] thread ID 7236 not found in process
[1007/141523.321:ERROR:process_reader_win.cc(123)] NtOpenThread: {Access Denied} A process has requested access to an object, but has not been granted those access rights. (0xc0000022)
[1007/141523.326:ERROR:exception_snapshot_win.cc(98)] thread ID 20976 not found in process
[1007/141723.858:ERROR:process_reader_win.cc(151)] SuspendThread: Access is denied. (0x5)
[1007/141723.861:ERROR:process_reader_win.cc(123)] NtOpenThread: {Access Denied} A process has requested access to an object, but has not been granted those access rights. (0xc0000022)
[1007/141723.861:ERROR:exception_snapshot_win.cc(98)] thread ID 7028 not found in process
[1007/141842.792:ERROR:process_reader_win.cc(123)] NtOpenThread: {Access Denied} A process has requested access to an object, but has not been granted those access rights. (0xc0000022)
[1007/141842.796:ERROR:exception_snapshot_win.cc(98)] thread ID 21772 not found in process
[1007/220757.382:ERROR:process_reader_win.cc(123)] NtOpenThread: {Access Denied} A process has requested access to an object, but has not been granted those access rights. (0xc0000022)
[1007/220757.384:ERROR:exception_snapshot_win.cc(98)] thread ID 14032 not found in process
[1007/221023.243:ERROR:process_reader_win.cc(123)] NtOpenThread: {Access Denied} A process has requested access to an object, but has not been granted those access rights. (0xc0000022)
[1007/221023.245:ERROR:exception_snapshot_win.cc(98)] thread ID 17060 not found in process
[1007/221205.853:ERROR:process_reader_win.cc(123)] NtOpenThread: {Access Denied} A process has requested access to an object, but has not been granted those access rights. (0xc0000022)
[1007/221205.854:ERROR:exception_snapshot_win.cc(98)] thread ID 8080 not found in process
[1007/221306.827:ERROR:process_reader_win.cc(123)] NtOpenThread: {Access Denied} A process has requested access to an object, but has not been granted those access rights. (0xc0000022)
[1007/221306.828:ERROR:exception_snapshot_win.cc(98)] thread ID 18488 not found in process
[1007/221607.755:ERROR:process_reader_win.cc(123)] NtOpenThread: {Access Denied} A process has requested access to an object, but has not been granted those access rights. (0xc0000022)
[1007/221607.756:ERROR:exception_snapshot_win.cc(98)] thread ID 9244 not found in process
[1007/221853.676:ERROR:process_reader_win.cc(123)] NtOpenThread: {Access Denied} A process has requested access to an object, but has not been granted those access rights. (0xc0000022)
[1007/221853.678:ERROR:exception_snapshot_win.cc(98)] thread ID 17272 not found in process
[1007/222043.232:ERROR:process_reader_win.cc(151)] SuspendThread: Access is denied. (0x5)
[1007/222043.242:ERROR:process_reader_win.cc(151)] SuspendThread: Access is denied. (0x5)
[1007/222043.243:ERROR:process_reader_win.cc(151)] SuspendThread: Access is denied. (0x5)
[1007/222043.243:ERROR:process_reader_win.cc(123)] NtOpenThread: {Access Denied} A process has requested access to an object, but has not been granted those access rights. (0xc0000022)
[1007/222043.243:ERROR:exception_snapshot_win.cc(98)] thread ID 17492 not found in process
[1008/013824.395:ERROR:process_memory_win.cc(73)] ReadMemory at 0x7ff72f9a0000 of 64 bytes failed: Only part of a ReadProcessMemory or WriteProcessMemory request was completed. (0x12B)
[1008/013824.397:WARNING:pe_image_reader.cc(340)] could not read dos header from C:\Program Files (x86)\Google\Chrome\Application\chrome.exe
[1008/013824.397:ERROR:process_memory_win.cc(73)] ReadMemory at 0x7ffe4b520000 of 64 bytes failed: Only part of a ReadProcessMemory or WriteProcessMemory request was completed. (0x12B)
[1008/013824.397:WARNING:pe_image_reader.cc(340)] could not read dos header from C:\WINDOWS\SYSTEM32\ntdll.dll
[1008/013824.397:ERROR:process_memory_win.cc(73)] ReadMemory at 0x7ffe4a270000 of 64 bytes failed: Only part of a ReadProcessMemory or WriteProcessMemory request was completed. (0x12B)
[1008/013824.397:WARNING:pe_image_reader.cc(340)] could not read dos header from C:\WINDOWS\System32\KERNEL32.dll
[1008/013824.397:ERROR:process_memory_win.cc(73)] ReadMemory at 0x7ffe48730000 of 64 bytes failed: Only part of a ReadProcessMemory or WriteProcessMemory request was completed. (0x12B)
[1008/013824.398:WARNING:pe_image_reader.cc(340)] could not read dos header from C:\WINDOWS\System32\KERNELBASE.dll
[1008/013824.398:ERROR:process_memory_win.cc(73)] ReadMemory at 0x7ffe136e0000 of 64 bytes failed: Only part of a ReadProcessMemory or WriteProcessMemory request was completed. (0x12B)
[1008/013824.398:WARNING:pe_image_reader.cc(340)] could not read dos header from C:\Program Files (x86)\Google\Chrome\Application\77.0.3865.90\chrome_elf.dll
[1008/013824.398:ERROR:process_memory_win.cc(73)] ReadMemory at 0x7ffe3f250000 of 64 bytes failed: Only part of a ReadProcessMemory or WriteProcessMemory request was completed. (0x12B)
[1008/013824.398:WARNING:pe_image_reader.cc(340)] could not read dos header from C:\WINDOWS\SYSTEM32\VERSION.dll
[1008/013824.398:ERROR:process_memory_win.cc(73)] ReadMemory at 0x7ffe4b440000 of 64 bytes failed: Only part of a ReadProcessMemory or WriteProcessMemory request was completed. (0x12B)
[1008/013824.398:WARNING:pe_image_reader.cc(340)] could not read dos header from C:\WINDOWS\System32\msvcrt.dll
[1008/013824.398:ERROR:process_memory_win.cc(73)] ReadMemory at 0x7ffe489e0000 of 64 bytes failed: Only part of a ReadProcessMemory or WriteProcessMemory request was completed. (0x12B)
[1008/013824.398:WARNING:pe_image_reader.cc(340)] could not read dos header from C:\WINDOWS\System32\bcryptPrimitives.dll
[1008/013824.398:ERROR:process_memory_win.cc(73)] ReadMemory at 0x7ffe4b390000 of 64 bytes failed: Only part of a ReadProcessMemory or WriteProcessMemory request was completed. (0x12B)
[1008/013824.398:WARNING:pe_image_reader.cc(340)] could not read dos header from C:\WINDOWS\System32\ADVAPI32.dll
[1008/013824.398:ERROR:process_memory_win.cc(73)] ReadMemory at 0x7ffe4a150000 of 64 bytes failed: Only part of a ReadProcessMemory or WriteProcessMemory request was completed. (0x12B)
[1008/013824.398:WARNING:pe_image_reader.cc(340)] could not read dos header from C:\WINDOWS\System32\sechost.dll
[1008/013824.398:ERROR:process_memory_win.cc(73)] ReadMemory at 0x7ffe4ac10000 of 64 bytes failed: Only part of a ReadProcessMemory or WriteProcessMemory request was completed. (0x12B)
[1008/013824.398:WARNING:pe_image_reader.cc(340)] could not read dos header from C:\WINDOWS\System32\RPCRT4.dll
[1008/013824.398:ERROR:process_memory_win.cc(73)] ReadMemory at 0x1e841660000 of 64 bytes failed: Only part of a ReadProcessMemory or WriteProcessMemory request was completed. (0x12B)
[1008/013824.398:WARNING:pe_image_reader.cc(340)] could not read dos header from C:\Program Files (x86)\Google\Chrome\Application\77.0.3865.90\chrome_child.dll
[1008/013824.398:ERROR:process_memory_win.cc(73)] ReadMemory at 0x7ffe4aa60000 of 64 bytes failed: Only part of a ReadProcessMemory or WriteProcessMemory request was completed. (0x12B)
[1008/013824.398:WARNING:pe_image_reader.cc(340)] could not read dos header from C:\WINDOWS\System32\OLEAUT32.dll
[1008/013824.398:ERROR:process_memory_win.cc(73)] ReadMemory at 0x7ffe49360000 of 64 bytes failed: Only part of a ReadProcessMemory or WriteProcessMemory request was completed. (0x12B)
[1008/013824.398:WARNING:pe_image_reader.cc(340)] could not read dos header from C:\WINDOWS\System32\msvcp_win.dll
[1008/013824.398:ERROR:process_memory_win.cc(73)] ReadMemory at 0x7ffe48630000 of 64 bytes failed: Only part of a ReadProcessMemory or WriteProcessMemory request was completed. (0x12B)
[1008/013824.398:WARNING:pe_image_reader.cc(340)] could not read dos header from C:\WINDOWS\System32\ucrtbase.dll
[1008/013824.398:ERROR:process_memory_win.cc(73)] ReadMemory at 0x7ffe4a4e0000 of 64 bytes failed: Only part of a ReadProcessMemory or WriteProcessMemory request was completed. (0x12B)
[1008/013824.398:WARNING:pe_image_reader.cc(340)] could not read dos header from C:\WINDOWS\System32\combase.dll
[1008/013824.398:ERROR:process_memory_win.cc(73)] ReadMemory at 0x7ffe4a3e0000 of 64 bytes failed: Only part of a ReadProcessMemory or WriteProcessMemory request was completed. (0x12B)
[1008/013824.398:WARNING:pe_image_reader.cc(340)] could not read dos header from C:\WINDOWS\System32\WS2_32.dll
[1008/013824.398:ERROR:process_memory_win.cc(73)] ReadMemory at 0x7ffe4b2e0000 of 64 bytes failed: Only part of a ReadProcessMemory or WriteProcessMemory request was completed. (0x12B)
[1008/013824.398:WARNING:pe_image_reader.cc(340)] could not read dos header from C:\WINDOWS\System32\GDI32.dll
[1008/013824.398:ERROR:process_memory_win.cc(73)] ReadMemory at 0x7ffe49400000 of 64 bytes failed: Only part of a ReadProcessMemory or WriteProcessMemory request was completed. (0x12B)
[1008/013824.398:WARNING:pe_image_reader.cc(340)] could not read dos header from C:\WINDOWS\System32\win32u.dll
[1008/013824.398:ERROR:process_memory_win.cc(73)] ReadMemory at 0x7ffe49430000 of 64 bytes failed: Only part of a ReadProcessMemory or WriteProcessMemory request was completed. (0x12B)
[1008/013824.398:WARNING:pe_image_reader.cc(340)] could not read dos header from C:\WINDOWS\System32\gdi32full.dll
[1008/013824.399:ERROR:process_memory_win.cc(73)] ReadMemory at 0x7ffe4a820000 of 64 bytes failed: Only part of a ReadProcessMemory or WriteProcessMemory request was completed. (0x12B)
[1008/013824.399:WARNING:pe_image_reader.cc(340)] could not read dos header from C:\WINDOWS\System32\USER32.dll
[1008/013824.399:ERROR:process_memory_win.cc(73)] ReadMemory at 0x7ffe48560000 of 64 bytes failed: Only part of a ReadProcessMemory or WriteProcessMemory request was completed. (0x12B)
[1008/013824.399:WARNING:pe_image_reader.cc(340)] could not read dos header from C:\WINDOWS\System32\WINTRUST.dll
[1008/013824.399:ERROR:process_memory_win.cc(73)] ReadMemory at 0x7ffe48400000 of 64 bytes failed: Only part of a ReadProcessMemory or WriteProcessMemory request was completed. (0x12B)
[1008/013824.399:WARNING:pe_image_reader.cc(340)] could not read dos header from C:\WINDOWS\System32\MSASN1.dll
[1008/013824.399:ERROR:process_memory_win.cc(73)] ReadMemory at 0x7ffe49210000 of 64 bytes failed: Only part of a ReadProcessMemory or WriteProcessMemory request was completed. (0x12B)
[1008/013824.399:WARNING:pe_image_reader.cc(340)] could not read dos header from C:\WINDOWS\System32\CRYPT32.dll
[1008/013824.399:ERROR:process_memory_win.cc(73)] ReadMemory at 0x7ffe47970000 of 64 bytes failed: Only part of a ReadProcessMemory or WriteProcessMemory request was completed. (0x12B)
[1008/013824.399:WARNING:pe_image_reader.cc(340)] could not read dos header from C:\WINDOWS\SYSTEM32\IPHLPAPI.DLL
[1008/013824.399:ERROR:process_memory_win.cc(73)] ReadMemory at 0x7ffe44190000 of 64 bytes failed: Only part of a ReadProcessMemory or WriteProcessMemory request was completed. (0x12B)
[1008/013824.428:WARNING:pe_image_reader.cc(340)] could not read dos header from C:\WINDOWS\SYSTEM32\WINMM.dll
[1008/013824.428:ERROR:process_memory_win.cc(73)] ReadMemory at 0x7ffe48310000 of 64 bytes failed: Only part of a ReadProcessMemory or WriteProcessMemory request was completed. (0x12B)
[1008/013824.429:WARNING:pe_image_reader.cc(340)] could not read dos header from C:\WINDOWS\SYSTEM32\USERENV.dll
[1008/013824.429:ERROR:process_memory_win.cc(73)] ReadMemory at 0x7ffe48420000 of 64 bytes failed: Only part of a ReadProcessMemory or WriteProcessMemory request was completed. (0x12B)
[1008/013824.429:WARNING:pe_image_reader.cc(340)] could not read dos header from C:\WINDOWS\System32\profapi.dll
[1008/013824.429:ERROR:process_memory_win.cc(73)] ReadMemory at 0x7ffe28f90000 of 64 bytes failed: Only part of a ReadProcessMemory or WriteProcessMemory request was completed. (0x12B)
[1008/013824.429:WARNING:pe_image_reader.cc(340)] could not read dos header from C:\WINDOWS\SYSTEM32\DWrite.dll
[1008/013824.429:ERROR:process_memory_win.cc(73)] ReadMemory at 0x7ffe3a8d0000 of 64 bytes failed: Only part of a ReadProcessMemory or WriteProcessMemory request was completed. (0x12B)
[1008/013824.429:WARNING:pe_image_reader.cc(340)] could not read dos header from C:\WINDOWS\SYSTEM32\WINSPOOL.DRV
[1008/013824.429:ERROR:process_memory_win.cc(73)] ReadMemory at 0x7ffe48490000 of 64 bytes failed: Only part of a ReadProcessMemory or WriteProcessMemory request was completed. (0x12B)
[1008/013824.429:WARNING:pe_image_reader.cc(340)] could not read dos header from C:\WINDOWS\System32\kernel.appcore.dll
[1008/013824.429:ERROR:process_memory_win.cc(73)] ReadMemory at 0x7ffe491e0000 of 64 bytes failed: Only part of a ReadProcessMemory or WriteProcessMemory request was completed. (0x12B)
[1008/013824.429:WARNING:pe_image_reader.cc(340)] could not read dos header from C:\WINDOWS\System32\bcrypt.dll
[1008/013824.429:ERROR:process_memory_win.cc(73)] ReadMemory at 0x7ffe46d20000 of 64 bytes failed: Only part of a ReadProcessMemory or WriteProcessMemory request was completed. (0x12B)
[1008/013824.429:WARNING:pe_image_reader.cc(340)] could not read dos header from C:\WINDOWS\SYSTEM32\dbghelp.dll
[1008/013824.429:ERROR:process_memory_win.cc(73)] ReadMemory at 0x7ffe39a90000 of 64 bytes failed: Only part of a ReadProcessMemory or WriteProcessMemory request was completed. (0x12B)
[1008/013824.429:WARNING:pe_image_reader.cc(340)] could not read dos header from C:\WINDOWS\SYSTEM32\WINHTTP.dll
[1008/013824.429:ERROR:process_memory_win.cc(73)] ReadMemory at 0x7ffe2eae0000 of 64 bytes failed: Only part of a ReadProcessMemory or WriteProcessMemory request was completed. (0x12B)
[1008/013824.429:WARNING:pe_image_reader.cc(340)] could not read dos header from C:\WINDOWS\SYSTEM32\Secur32.dll
[1008/013824.429:ERROR:process_memory_win.cc(73)] ReadMemory at 0x7ffe3f260000 of 64 bytes failed: Only part of a ReadProcessMemory or WriteProcessMemory request was completed. (0x12B)
[1008/013824.429:WARNING:pe_image_reader.cc(340)] could not read dos header from C:\WINDOWS\SYSTEM32\dhcpcsvc.DLL
[1008/013824.429:ERROR:process_memory_win.cc(73)] ReadMemory at 0x7ffe4ab30000 of 64 bytes failed: Only part of a ReadProcessMemory or WriteProcessMemory request was completed. (0x12B)
[1008/013824.429:WARNING:pe_image_reader.cc(340)] could not read dos header from C:\WINDOWS\System32\NSI.dll
[1008/013824.429:ERROR:process_memory_win.cc(73)] ReadMemory at 0x7ffe44160000 of 64 bytes failed: Only part of a ReadProcessMemory or WriteProcessMemory request was completed. (0x12B)
[1008/013824.429:WARNING:pe_image_reader.cc(340)] could not read dos header from C:\WINDOWS\SYSTEM32\WINMMBASE.dll
[1008/013824.429:ERROR:process_memory_win.cc(73)] ReadMemory at 0x7ffe485c0000 of 64 bytes failed: Only part of a ReadProcessMemory or WriteProcessMemory request was completed. (0x12B)
[1008/013824.429:WARNING:pe_image_reader.cc(340)] could not read dos header from C:\WINDOWS\System32\cfgmgr32.dll
[1008/013824.429:ERROR:process_memory_win.cc(73)] ReadMemory at 0x7ffe46270000 of 64 bytes failed: Only part of a ReadProcessMemory or WriteProcessMemory request was completed. (0x12B)
[1008/013824.429:WARNING:pe_image_reader.cc(340)] could not read dos header from C:\WINDOWS\SYSTEM32\PROPSYS.dll
[1008/013824.429:ERROR:process_memory_win.cc(73)] ReadMemory at 0x1e841420000 of 64 bytes failed: Only part of a ReadProcessMemory or WriteProcessMemory request was completed. (0x12B)
[1008/013824.429:WARNING:pe_image_reader.cc(340)] could not read dos header from C:\WINDOWS\System32\shcore.dll
[1008/013824.430:ERROR:process_memory_win.cc(73)] ReadMemory at 0x7ffe482e0000 of 64 bytes failed: Only part of a ReadProcessMemory or WriteProcessMemory request was completed. (0x12B)
[1008/013824.430:WARNING:pe_image_reader.cc(340)] could not read dos header from C:\WINDOWS\SYSTEM32\SSPICLI.DLL
[1008/013824.430:ERROR:process_memory_win.cc(73)] ReadMemory at 0x7ffe4a450000 of 64 bytes failed: Only part of a ReadProcessMemory or WriteProcessMemory request was completed. (0x12B)
[1008/013824.430:WARNING:pe_image_reader.cc(340)] could not read dos header from C:\WINDOWS\System32\IMM32.DLL
[1008/013824.430:ERROR:process_memory_win.cc(73)] ReadMemory at 0x7ffe49d20000 of 64 bytes failed: Only part of a ReadProcessMemory or WriteProcessMemory request was completed. (0x12B)
[1008/013824.430:WARNING:pe_image_reader.cc(340)] could not read dos header from C:\WINDOWS\System32\ole32.dll
[1008/013824.430:ERROR:process_memory_win.cc(73)] ReadMemory at 0x7ffe495d0000 of 64 bytes failed: Only part of a ReadProcessMemory or WriteProcessMemory request was completed. (0x12B)
[1008/013824.430:WARNING:pe_image_reader.cc(340)] could not read dos header from C:\WINDOWS\System32\SHELL32.dll
[1008/013824.430:ERROR:process_memory_win.cc(73)] ReadMemory at 0x7ffe48a60000 of 64 bytes failed: Only part of a ReadProcessMemory or WriteProcessMemory request was completed. (0x12B)
[1008/013824.430:WARNING:pe_image_reader.cc(340)] could not read dos header from C:\WINDOWS\System32\windows.storage.dll
[1008/013824.430:ERROR:process_memory_win.cc(73)] ReadMemory at 0x7ffe48440000 of 64 bytes failed: Only part of a ReadProcessMemory or WriteProcessMemory request was completed. (0x12B)
[1008/013824.430:WARNING:pe_image_reader.cc(340)] could not read dos header from C:\WINDOWS\System32\powrprof.dll
[1008/013824.430:ERROR:process_memory_win.cc(73)] ReadMemory at 0x7ffe483f0000 of 64 bytes failed: Only part of a ReadProcessMemory or WriteProcessMemory request was completed. (0x12B)
[1008/013824.430:WARNING:pe_image_reader.cc(340)] could not read dos header from C:\WINDOWS\System32\UMPDC.dll
[1008/013824.430:ERROR:process_memory_win.cc(73)] ReadMemory at 0x7ffe4a480000 of 64 bytes failed: Only part of a ReadProcessMemory or WriteProcessMemory request was completed. (0x12B)
[1008/013824.430:WARNING:pe_image_reader.cc(340)] could not read dos header from C:\WINDOWS\System32\shlwapi.dll
[1008/013824.430:ERROR:process_memory_win.cc(73)] ReadMemory at 0x7ffe48610000 of 64 bytes failed: Only part of a ReadProcessMemory or WriteProcessMemory request was completed. (0x12B)
[1008/013824.430:WARNING:pe_image_reader.cc(340)] could not read dos header from C:\WINDOWS\System32\cryptsp.dll
[1008/013824.430:ERROR:process_memory_win.cc(73)] ReadMemory at 0x7ffe47e30000 of 64 bytes failed: Only part of a ReadProcessMemory or WriteProcessMemory request was completed. (0x12B)
[1008/013824.430:WARNING:pe_image_reader.cc(340)] could not read dos header from C:\WINDOWS\SYSTEM32\CRYPTBASE.DLL
[1008/013824.430:ERROR:process_memory_win.cc(73)] ReadMemory at 0x7ff72f9a0000 of 64 bytes failed: Only part of a ReadProcessMemory or WriteProcessMemory request was completed. (0x12B)
[1008/013824.430:WARNING:pe_image_reader.cc(340)] could not read dos header from C:\Program Files (x86)\Google\Chrome\Application\chrome.exe
[1008/013824.430:ERROR:process_memory_win.cc(73)] ReadMemory at 0x7ffe4b520000 of 64 bytes failed: Only part of a ReadProcessMemory or WriteProcessMemory request was completed. (0x12B)
[1008/013824.430:WARNING:pe_image_reader.cc(340)] could not read dos header from C:\WINDOWS\SYSTEM32\ntdll.dll
[1008/013824.430:ERROR:process_memory_win.cc(73)] ReadMemory at 0x7ffe4a270000 of 64 bytes failed: Only part of a ReadProcessMemory or WriteProcessMemory request was completed. (0x12B)
[1008/013824.430:WARNING:pe_image_reader.cc(340)] could not read dos header from C:\WINDOWS\System32\KERNEL32.dll
[1008/013824.430:ERROR:process_memory_win.cc(73)] ReadMemory at 0x7ffe48730000 of 64 bytes failed: Only part of a ReadProcessMemory or WriteProcessMemory request was completed. (0x12B)
[1008/013824.430:WARNING:pe_image_reader.cc(340)] could not read dos header from C:\WINDOWS\System32\KERNELBASE.dll
[1008/013824.430:ERROR:process_memory_win.cc(73)] ReadMemory at 0x7ffe136e0000 of 64 bytes failed: Only part of a ReadProcessMemory or WriteProcessMemory request was completed. (0x12B)
[1008/013824.430:WARNING:pe_image_reader.cc(340)] could not read dos header from C:\Program Files (x86)\Google\Chrome\Application\77.0.3865.90\chrome_elf.dll
[1008/013824.430:ERROR:process_memory_win.cc(73)] ReadMemory at 0x7ffe3f250000 of 64 bytes failed: Only part of a ReadProcessMemory or WriteProcessMemory request was completed. (0x12B)
[1008/013824.430:WARNING:pe_image_reader.cc(340)] could not read dos header from C:\WINDOWS\SYSTEM32\VERSION.dll
[1008/013824.430:ERROR:process_memory_win.cc(73)] ReadMemory at 0x7ffe4b440000 of 64 bytes failed: Only part of a ReadProcessMemory or WriteProcessMemory request was completed. (0x12B)
[1008/013824.430:WARNING:pe_image_reader.cc(340)] could not read dos header from C:\WINDOWS\System32\msvcrt.dll
[1008/013824.430:ERROR:process_memory_win.cc(73)] ReadMemory at 0x7ffe489e0000 of 64 bytes failed: Only part of a ReadProcessMemory or WriteProcessMemory request was completed. (0x12B)
[1008/013824.430:WARNING:pe_image_reader.cc(340)] could not read dos header from C:\WINDOWS\System32\bcryptPrimitives.dll
[1008/013824.430:ERROR:process_memory_win.cc(73)] ReadMemory at 0x7ffe4b390000 of 64 bytes failed: Only part of a ReadProcessMemory or WriteProcessMemory request was completed. (0x12B)
[1008/013824.430:WARNING:pe_image_reader.cc(340)] could not read dos header from C:\WINDOWS\System32\ADVAPI32.dll
[1008/013824.430:ERROR:process_memory_win.cc(73)] ReadMemory at 0x7ffe4a150000 of 64 bytes failed: Only part of a ReadProcessMemory or WriteProcessMemory request was completed. (0x12B)
[1008/013824.430:WARNING:pe_image_reader.cc(340)] could not read dos header from C:\WINDOWS\System32\sechost.dll
[1008/013824.430:ERROR:process_memory_win.cc(73)] ReadMemory at 0x7ffe4ac10000 of 64 bytes failed: Only part of a ReadProcessMemory or WriteProcessMemory request was completed. (0x12B)
[1008/013824.430:WARNING:pe_image_reader.cc(340)] could not read dos header from C:\WINDOWS\System32\RPCRT4.dll
[1008/013824.430:ERROR:process_memory_win.cc(73)] ReadMemory at 0x1e841660000 of 64 bytes failed: Only part of a ReadProcessMemory or WriteProcessMemory request was completed. (0x12B)
[1008/013824.430:WARNING:pe_image_reader.cc(340)] could not read dos header from C:\Program Files (x86)\Google\Chrome\Application\77.0.3865.90\chrome_child.dll
[1008/013824.430:ERROR:process_memory_win.cc(73)] ReadMemory at 0x7ffe4aa60000 of 64 bytes failed: Only part of a ReadProcessMemory or WriteProcessMemory request was completed. (0x12B)
[1008/013824.430:WARNING:pe_image_reader.cc(340)] could not read dos header from C:\WINDOWS\System32\OLEAUT32.dll
[1008/013824.430:ERROR:process_memory_win.cc(73)] ReadMemory at 0x7ffe49360000 of 64 bytes failed: Only part of a ReadProcessMemory or WriteProcessMemory request was completed. (0x12B)
[1008/013824.430:WARNING:pe_image_reader.cc(340)] could not read dos header from C:\WINDOWS\System32\msvcp_win.dll
[1008/013824.431:ERROR:process_memory_win.cc(73)] ReadMemory at 0x7ffe48630000 of 64 bytes failed: Only part of a ReadProcessMemory or WriteProcessMemory request was completed. (0x12B)
[1008/013824.431:WARNING:pe_image_reader.cc(340)] could not read dos header from C:\WINDOWS\System32\ucrtbase.dll
[1008/013824.431:ERROR:process_memory_win.cc(73)] ReadMemory at 0x7ffe4a4e0000 of 64 bytes failed: Only part of a ReadProcessMemory or WriteProcessMemory request was completed. (0x12B)
[1008/013824.431:WARNING:pe_image_reader.cc(340)] could not read dos header from C:\WINDOWS\System32\combase.dll
[1008/013824.431:ERROR:process_memory_win.cc(73)] ReadMemory at 0x7ffe4a3e0000 of 64 bytes failed: Only part of a ReadProcessMemory or WriteProcessMemory request was completed. (0x12B)
[1008/013824.431:WARNING:pe_image_reader.cc(340)] could not read dos header from C:\WINDOWS\System32\WS2_32.dll
[1008/013824.431:ERROR:process_memory_win.cc(73)] ReadMemory at 0x7ffe4b2e0000 of 64 bytes failed: Only part of a ReadProcessMemory or WriteProcessMemory request was completed. (0x12B)
[1008/013824.431:WARNING:pe_image_reader.cc(340)] could not read dos header from C:\WINDOWS\System32\GDI32.dll
[1008/013824.431:ERROR:process_memory_win.cc(73)] ReadMemory at 0x7ffe49400000 of 64 bytes failed: Only part of a ReadProcessMemory or WriteProcessMemory request was completed. (0x12B)
[1008/013824.431:WARNING:pe_image_reader.cc(340)] could not read dos header from C:\WINDOWS\System32\win32u.dll
[1008/013824.431:ERROR:process_memory_win.cc(73)] ReadMemory at 0x7ffe49430000 of 64 bytes failed: Only part of a ReadProcessMemory or WriteProcessMemory request was completed. (0x12B)
[1008/013824.431:WARNING:pe_image_reader.cc(340)] could not read dos header from C:\WINDOWS\System32\gdi32full.dll
[1008/013824.431:ERROR:process_memory_win.cc(73)] ReadMemory at 0x7ffe4a820000 of 64 bytes failed: Only part of a ReadProcessMemory or WriteProcessMemory request was completed. (0x12B)
[1008/013824.431:WARNING:pe_image_reader.cc(340)] could not read dos header from C:\WINDOWS\System32\USER32.dll
[1008/013824.431:ERROR:process_memory_win.cc(73)] ReadMemory at 0x7ffe48560000 of 64 bytes failed: Only part of a ReadProcessMemory or WriteProcessMemory request was completed. (0x12B)
[1008/013824.431:WARNING:pe_image_reader.cc(340)] could not read dos header from C:\WINDOWS\System32\WINTRUST.dll
[1008/013824.431:ERROR:process_memory_win.cc(73)] ReadMemory at 0x7ffe48400000 of 64 bytes failed: Only part of a ReadProcessMemory or WriteProcessMemory request was completed. (0x12B)
[1008/013824.431:WARNING:pe_image_reader.cc(340)] could not read dos header from C:\WINDOWS\System32\MSASN1.dll
[1008/013824.431:ERROR:process_memory_win.cc(73)] ReadMemory at 0x7ffe49210000 of 64 bytes failed: Only part of a ReadProcessMemory or WriteProcessMemory request was completed. (0x12B)
[1008/013824.431:WARNING:pe_image_reader.cc(340)] could not read dos header from C:\WINDOWS\System32\CRYPT32.dll
[1008/013824.431:ERROR:process_memory_win.cc(73)] ReadMemory at 0x7ffe47970000 of 64 bytes failed: Only part of a ReadProcessMemory or WriteProcessMemory request was completed. (0x12B)
[1008/013824.431:WARNING:pe_image_reader.cc(340)] could not read dos header from C:\WINDOWS\SYSTEM32\IPHLPAPI.DLL
[1008/013824.431:ERROR:process_memory_win.cc(73)] ReadMemory at 0x7ffe44190000 of 64 bytes failed: Only part of a ReadProcessMemory or WriteProcessMemory request was completed. (0x12B)
[1008/013824.431:WARNING:pe_image_reader.cc(340)] could not read dos header from C:\WINDOWS\SYSTEM32\WINMM.dll
[1008/013824.431:ERROR:process_memory_win.cc(73)] ReadMemory at 0x7ffe48310000 of 64 bytes failed: Only part of a ReadProcessMemory or WriteProcessMemory request was completed. (0x12B)
[1008/013824.431:WARNING:pe_image_reader.cc(340)] could not read dos header from C:\WINDOWS\SYSTEM32\USERENV.dll
[1008/013824.431:ERROR:process_memory_win.cc(73)] ReadMemory at 0x7ffe48420000 of 64 bytes failed: Only part of a ReadProcessMemory or WriteProcessMemory request was completed. (0x12B)
[1008/013824.431:WARNING:pe_image_reader.cc(340)] could not read dos header from C:\WINDOWS\System32\profapi.dll
[1008/013824.431:ERROR:process_memory_win.cc(73)] ReadMemory at 0x7ffe28f90000 of 64 bytes failed: Only part of a ReadProcessMemory or WriteProcessMemory request was completed. (0x12B)
[1008/013824.431:WARNING:pe_image_reader.cc(340)] could not read dos header from C:\WINDOWS\SYSTEM32\DWrite.dll
[1008/013824.431:ERROR:process_memory_win.cc(73)] ReadMemory at 0x7ffe3a8d0000 of 64 bytes failed: Only part of a ReadProcessMemory or WriteProcessMemory request was completed. (0x12B)
[1008/013824.431:WARNING:pe_image_reader.cc(340)] could not read dos header from C:\WINDOWS\SYSTEM32\WINSPOOL.DRV
[1008/013824.431:ERROR:process_memory_win.cc(73)] ReadMemory at 0x7ffe48490000 of 64 bytes failed: Only part of a ReadProcessMemory or WriteProcessMemory request was completed. (0x12B)
[1008/013824.431:WARNING:pe_image_reader.cc(340)] could not read dos header from C:\WINDOWS\System32\kernel.appcore.dll
[1008/013824.431:ERROR:process_memory_win.cc(73)] ReadMemory at 0x7ffe491e0000 of 64 bytes failed: Only part of a ReadProcessMemory or WriteProcessMemory request was completed. (0x12B)
[1008/013824.431:WARNING:pe_image_reader.cc(340)] could not read dos header from C:\WINDOWS\System32\bcrypt.dll
[1008/013824.431:ERROR:process_memory_win.cc(73)] ReadMemory at 0x7ffe46d20000 of 64 bytes failed: Only part of a ReadProcessMemory or WriteProcessMemory request was completed. (0x12B)
[1008/013824.431:WARNING:pe_image_reader.cc(340)] could not read dos header from C:\WINDOWS\SYSTEM32\dbghelp.dll
[1008/013824.431:ERROR:process_memory_win.cc(73)] ReadMemory at 0x7ffe39a90000 of 64 bytes failed: Only part of a ReadProcessMemory or WriteProcessMemory request was completed. (0x12B)
[1008/013824.431:WARNING:pe_image_reader.cc(340)] could not read dos header from C:\WINDOWS\SYSTEM32\WINHTTP.dll
[1008/013824.431:ERROR:process_memory_win.cc(73)] ReadMemory at 0x7ffe2eae0000 of 64 bytes failed: Only part of a ReadProcessMemory or WriteProcessMemory request was completed. (0x12B)
[1008/013824.431:WARNING:pe_image_reader.cc(340)] could not read dos header from C:\WINDOWS\SYSTEM32\Secur32.dll
[1008/013824.431:ERROR:process_memory_win.cc(73)] ReadMemory at 0x7ffe3f260000 of 64 bytes failed: Only part of a ReadProcessMemory or WriteProcessMemory request was completed. (0x12B)
[1008/013824.431:WARNING:pe_image_reader.cc(340)] could not read dos header from C:\WINDOWS\SYSTEM32\dhcpcsvc.DLL
[1008/013824.431:ERROR:process_memory_win.cc(73)] ReadMemory at 0x7ffe4ab30000 of 64 bytes failed: Only part of a ReadProcessMemory or WriteProcessMemory request was completed. (0x12B)
[1008/013824.431:WARNING:pe_image_reader.cc(340)] could not read dos header from C:\WINDOWS\System32\NSI.dll
[1008/013824.431:ERROR:process_memory_win.cc(73)] ReadMemory at 0x7ffe44160000 of 64 bytes failed: Only part of a ReadProcessMemory or WriteProcessMemory request was completed. (0x12B)
[1008/013824.431:WARNING:pe_image_reader.cc(340)] could not read dos header from C:\WINDOWS\SYSTEM32\WINMMBASE.dll
[1008/013824.432:ERROR:process_memory_win.cc(73)] ReadMemory at 0x7ffe485c0000 of 64 bytes failed: Only part of a ReadProcessMemory or WriteProcessMemory request was completed. (0x12B)
[1008/013824.432:WARNING:pe_image_reader.cc(340)] could not read dos header from C:\WINDOWS\System32\cfgmgr32.dll
[1008/013824.432:ERROR:process_memory_win.cc(73)] ReadMemory at 0x7ffe46270000 of 64 bytes failed: Only part of a ReadProcessMemory or WriteProcessMemory request was completed. (0x12B)
[1008/013824.432:WARNING:pe_image_reader.cc(340)] could not read dos header from C:\WINDOWS\SYSTEM32\PROPSYS.dll
[1008/013824.432:ERROR:process_memory_win.cc(73)] ReadMemory at 0x1e841420000 of 64 bytes failed: Only part of a ReadProcessMemory or WriteProcessMemory request was completed. (0x12B)
[1008/013824.432:WARNING:pe_image_reader.cc(340)] could not read dos header from C:\WINDOWS\System32\shcore.dll
[1008/013824.432:ERROR:process_memory_win.cc(73)] ReadMemory at 0x7ffe482e0000 of 64 bytes failed: Only part of a ReadProcessMemory or WriteProcessMemory request was completed. (0x12B)
[1008/013824.432:WARNING:pe_image_reader.cc(340)] could not read dos header from C:\WINDOWS\SYSTEM32\SSPICLI.DLL
[1008/013824.432:ERROR:process_memory_win.cc(73)] ReadMemory at 0x7ffe4a450000 of 64 bytes failed: Only part of a ReadProcessMemory or WriteProcessMemory request was completed. (0x12B)
[1008/013824.432:WARNING:pe_image_reader.cc(340)] could not read dos header from C:\WINDOWS\System32\IMM32.DLL
[1008/013824.432:ERROR:process_memory_win.cc(73)] ReadMemory at 0x7ffe49d20000 of 64 bytes failed: Only part of a ReadProcessMemory or WriteProcessMemory request was completed. (0x12B)
[1008/013824.432:WARNING:pe_image_reader.cc(340)] could not read dos header from C:\WINDOWS\System32\ole32.dll
[1008/013824.432:ERROR:process_memory_win.cc(73)] ReadMemory at 0x7ffe495d0000 of 64 bytes failed: Only part of a ReadProcessMemory or WriteProcessMemory request was completed. (0x12B)
[1008/013824.432:WARNING:pe_image_reader.cc(340)] could not read dos header from C:\WINDOWS\System32\SHELL32.dll
[1008/013824.432:ERROR:process_memory_win.cc(73)] ReadMemory at 0x7ffe48a60000 of 64 bytes failed: Only part of a ReadProcessMemory or WriteProcessMemory request was completed. (0x12B)
[1008/013824.432:WARNING:pe_image_reader.cc(340)] could not read dos header from C:\WINDOWS\System32\windows.storage.dll
[1008/013824.432:ERROR:process_memory_win.cc(73)] ReadMemory at 0x7ffe48440000 of 64 bytes failed: Only part of a ReadProcessMemory or WriteProcessMemory request was completed. (0x12B)
[1008/013824.432:WARNING:pe_image_reader.cc(340)] could not read dos header from C:\WINDOWS\System32\powrprof.dll
[1008/013824.432:ERROR:process_memory_win.cc(73)] ReadMemory at 0x7ffe483f0000 of 64 bytes failed: Only part of a ReadProcessMemory or WriteProcessMemory request was completed. (0x12B)
[1008/013824.432:WARNING:pe_image_reader.cc(340)] could not read dos header from C:\WINDOWS\System32\UMPDC.dll
[1008/013824.432:ERROR:process_memory_win.cc(73)] ReadMemory at 0x7ffe4a480000 of 64 bytes failed: Only part of a ReadProcessMemory or WriteProcessMemory request was completed. (0x12B)
[1008/013824.432:WARNING:pe_image_reader.cc(340)] could not read dos header from C:\WINDOWS\System32\shlwapi.dll
[1008/013824.432:ERROR:process_memory_win.cc(73)] ReadMemory at 0x7ffe48610000 of 64 bytes failed: Only part of a ReadProcessMemory or WriteProcessMemory request was completed. (0x12B)
[1008/013824.432:WARNING:pe_image_reader.cc(340)] could not read dos header from C:\WINDOWS\System32\cryptsp.dll
[1008/013824.432:ERROR:process_memory_win.cc(73)] ReadMemory at 0x7ffe47e30000 of 64 bytes failed: Only part of a ReadProcessMemory or WriteProcessMemory request was completed. (0x12B)
[1008/013824.432:WARNING:pe_image_reader.cc(340)] could not read dos header from C:\WINDOWS\SYSTEM32\CRYPTBASE.DLL
[1008/013824.444:ERROR:process_memory_win.cc(73)] ReadMemory at 0x8158f07000 of 1019904 bytes failed: Only part of a ReadProcessMemory or WriteProcessMemory request was completed. (0x12B)
[1008/013824.447:ERROR:process_memory_win.cc(73)] ReadMemory at 0x81597fd000 of 12288 bytes failed: Only part of a ReadProcessMemory or WriteProcessMemory request was completed. (0x12B)
[1008/013824.448:ERROR:process_memory_win.cc(73)] ReadMemory at 0x815a7fc000 of 16384 bytes failed: Only part of a ReadProcessMemory or WriteProcessMemory request was completed. (0x12B)
[1008/013824.448:ERROR:process_memory_win.cc(73)] ReadMemory at 0x815affb000 of 20480 bytes failed: Only part of a ReadProcessMemory or WriteProcessMemory request was completed. (0x12B)
[1008/013824.448:ERROR:process_memory_win.cc(73)] ReadMemory at 0x815b7fe000 of 8192 bytes failed: Only part of a ReadProcessMemory or WriteProcessMemory request was completed. (0x12B)
[1008/013824.448:ERROR:process_memory_win.cc(73)] ReadMemory at 0x815bffd000 of 12288 bytes failed: Only part of a ReadProcessMemory or WriteProcessMemory request was completed. (0x12B)
[1008/013824.448:ERROR:process_memory_win.cc(73)] ReadMemory at 0x815c7fb000 of 20480 bytes failed: Only part of a ReadProcessMemory or WriteProcessMemory request was completed. (0x12B)
[1008/013824.448:ERROR:process_memory_win.cc(73)] ReadMemory at 0x815cff6000 of 40960 bytes failed: Only part of a ReadProcessMemory or WriteProcessMemory request was completed. (0x12B)
[1008/013824.448:ERROR:process_memory_win.cc(73)] ReadMemory at 0x815d7f6000 of 40960 bytes failed: Only part of a ReadProcessMemory or WriteProcessMemory request was completed. (0x12B)
[1008/013824.448:ERROR:process_memory_win.cc(73)] ReadMemory at 0x815dffd000 of 12288 bytes failed: Only part of a ReadProcessMemory or WriteProcessMemory request was completed. (0x12B)
[1008/013824.448:ERROR:process_memory_win.cc(73)] ReadMemory at 0x815f7f6000 of 40960 bytes failed: Only part of a ReadProcessMemory or WriteProcessMemory request was completed. (0x12B)
[1008/013824.449:ERROR:process_memory_win.cc(73)] ReadMemory at 0x815fffa000 of 24576 bytes failed: Only part of a ReadProcessMemory or WriteProcessMemory request was completed. (0x12B)
[1008/013824.449:ERROR:process_memory_win.cc(73)] ReadMemory at 0x8159ffd000 of 12288 bytes failed: Only part of a ReadProcessMemory or WriteProcessMemory request was completed. (0x12B)
[1008/013824.449:ERROR:process_memory_win.cc(73)] ReadMemory at 0x815e7fd000 of 12288 bytes failed: Only part of a ReadProcessMemory or WriteProcessMemory request was completed. (0x12B)
[1008/013824.449:ERROR:process_memory_win.cc(73)] ReadMemory at 0x81586c2000 of 852 bytes failed: Only part of a ReadProcessMemory or WriteProcessMemory request was completed. (0x12B)
[1008/013824.449:ERROR:process_memory_win.cc(73)] ReadMemory at 0x81586c3000 of 6024 bytes failed: Only part of a ReadProcessMemory or WriteProcessMemory request was completed. (0x12B)
[1008/013824.449:ERROR:process_memory_win.cc(73)] ReadMemory at 0x81586c5000 of 6024 bytes failed: Only part of a ReadProcessMemory or WriteProcessMemory request was completed. (0x12B)
[1008/013824.449:ERROR:process_memory_win.cc(73)] ReadMemory at 0x81586c9000 of 6024 bytes failed: Only part of a ReadProcessMemory or WriteProcessMemory request was completed. (0x12B)
[1008/013824.449:ERROR:process_memory_win.cc(73)] ReadMemory at 0x81586cb000 of 6024 bytes failed: Only part of a ReadProcessMemory or WriteProcessMemory request was completed. (0x12B)
[1008/013824.450:ERROR:process_memory_win.cc(73)] ReadMemory at 0x81586cd000 of 6024 bytes failed: Only part of a ReadProcessMemory or WriteProcessMemory request was completed. (0x12B)
[1008/013824.450:ERROR:process_memory_win.cc(73)] ReadMemory at 0x81586cf000 of 6024 bytes failed: Only part of a ReadProcessMemory or WriteProcessMemory request was completed. (0x12B)
[1008/013824.450:ERROR:process_memory_win.cc(73)] ReadMemory at 0x81586d1000 of 6024 bytes failed: Only part of a ReadProcessMemory or WriteProcessMemory request was completed. (0x12B)
[1008/013824.450:ERROR:process_memory_win.cc(73)] ReadMemory at 0x81586d3000 of 6024 bytes failed: Only part of a ReadProcessMemory or WriteProcessMemory request was completed. (0x12B)
[1008/013824.450:ERROR:process_memory_win.cc(73)] ReadMemory at 0x81586d5000 of 6024 bytes failed: Only part of a ReadProcessMemory or WriteProcessMemory request was completed. (0x12B)
[1008/013824.450:ERROR:process_memory_win.cc(73)] ReadMemory at 0x81586d7000 of 6024 bytes failed: Only part of a ReadProcessMemory or WriteProcessMemory request was completed. (0x12B)
[1008/013824.450:ERROR:process_memory_win.cc(73)] ReadMemory at 0x81586dd000 of 6024 bytes failed: Only part of a ReadProcessMemory or WriteProcessMemory request was completed. (0x12B)
[1008/013824.450:ERROR:process_memory_win.cc(73)] ReadMemory at 0x81586df000 of 6024 bytes failed: Only part of a ReadProcessMemory or WriteProcessMemory request was completed. (0x12B)
[1008/013824.450:ERROR:process_memory_win.cc(73)] ReadMemory at 0x81586e3000 of 6024 bytes failed: Only part of a ReadProcessMemory or WriteProcessMemory request was completed. (0x12B)
[1008/013824.450:ERROR:process_memory_win.cc(73)] ReadMemory at 0x81586e5000 of 6024 bytes failed: Only part of a ReadProcessMemory or WriteProcessMemory request was completed. (0x12B)
[1008/013824.451:ERROR:process_memory_win.cc(73)] ReadMemory at 0x1e841260fe0 of 5054 bytes failed: Only part of a ReadProcessMemory or WriteProcessMemory request was completed. (0x12B)
[1008/013824.451:ERROR:process_memory_win.cc(73)] ReadMemory at 0x1e8412623b0 of 1012 bytes failed: Only part of a ReadProcessMemory or WriteProcessMemory request was completed. (0x12B)
[1008/013824.451:ERROR:process_memory_win.cc(73)] ReadMemory at 0x1e8412629f8 of 118 bytes failed: Only part of a ReadProcessMemory or WriteProcessMemory request was completed. (0x12B)
[1008/013824.451:ERROR:process_memory_win.cc(73)] ReadMemory at 0x1e841262a70 of 1276 bytes failed: Only part of a ReadProcessMemory or WriteProcessMemory request was completed. (0x12B)
[1008/013824.451:ERROR:process_memory_win.cc(73)] ReadMemory at 0x1e841262f6e of 118 bytes failed: Only part of a ReadProcessMemory or WriteProcessMemory request was completed. (0x12B)
[1008/013824.451:ERROR:process_memory_win.cc(73)] ReadMemory at 0x1e841262fe6 of 96 bytes failed: Only part of a ReadProcessMemory or WriteProcessMemory request was completed. (0x12B)
[1008/013824.451:ERROR:process_memory_win.cc(73)] ReadMemory at 0x1e841263060 of 58 bytes failed: Only part of a ReadProcessMemory or WriteProcessMemory request was completed. (0x12B)
[1008/013824.451:ERROR:process_memory_win.cc(73)] ReadMemory at 0x1e841263160 of 132 bytes failed: Only part of a ReadProcessMemory or WriteProcessMemory request was completed. (0x12B)
[1008/013824.451:ERROR:process_memory_win.cc(73)] ReadMemory at 0x1e8412632f0 of 132 bytes failed: Only part of a ReadProcessMemory or WriteProcessMemory request was completed. (0x12B)
[1008/013824.451:ERROR:process_memory_win.cc(73)] ReadMemory at 0x1e8412634b0 of 124 bytes failed: Only part of a ReadProcessMemory or WriteProcessMemory request was completed. (0x12B)
[1008/013824.451:ERROR:process_memory_win.cc(73)] ReadMemory at 0x1e8412637a0 of 132 bytes failed: Only part of a ReadProcessMemory or WriteProcessMemory request was completed. (0x12B)
[1008/013824.451:ERROR:process_memory_win.cc(73)] ReadMemory at 0x1e841264090 of 132 bytes failed: Only part of a ReadProcessMemory or WriteProcessMemory request was completed. (0x12B)
[1008/013824.451:ERROR:process_memory_win.cc(73)] ReadMemory at 0x1e841264220 of 64 bytes failed: Only part of a ReadProcessMemory or WriteProcessMemory request was completed. (0x12B)
[1008/013824.451:ERROR:process_memory_win.cc(73)] ReadMemory at 0x1e841264360 of 132 bytes failed: Only part of a ReadProcessMemory or WriteProcessMemory request was completed. (0x12B)
[1008/013824.452:ERROR:process_memory_win.cc(73)] ReadMemory at 0x1e841264680 of 132 bytes failed: Only part of a ReadProcessMemory or WriteProcessMemory request was completed. (0x12B)
[1008/013824.452:ERROR:process_memory_win.cc(73)] ReadMemory at 0x1e841264810 of 68 bytes failed: Only part of a ReadProcessMemory or WriteProcessMemory request was completed. (0x12B)
[1008/013824.452:ERROR:process_memory_win.cc(73)] ReadMemory at 0x1e841269270 of 132 bytes failed: Only part of a ReadProcessMemory or WriteProcessMemory request was completed. (0x12B)
[1008/013824.452:ERROR:process_memory_win.cc(73)] ReadMemory at 0x1e8412693a0 of 152 bytes failed: Only part of a ReadProcessMemory or WriteProcessMemory request was completed. (0x12B)
[1008/013824.452:ERROR:process_memory_win.cc(73)] ReadMemory at 0x1e84126cee0 of 62 bytes failed: Only part of a ReadProcessMemory or WriteProcessMemory request was completed. (0x12B)
[1008/013824.452:ERROR:process_memory_win.cc(73)] ReadMemory at 0x1e84126d010 of 132 bytes failed: Only part of a ReadProcessMemory or WriteProcessMemory request was completed. (0x12B)
[1008/013824.452:ERROR:process_memory_win.cc(73)] ReadMemory at 0x1e84126d1a0 of 60 bytes failed: Only part of a ReadProcessMemory or WriteProcessMemory request was completed. (0x12B)
[1008/013824.452:ERROR:process_memory_win.cc(73)] ReadMemory at 0x1e84126d240 of 132 bytes failed: Only part of a ReadProcessMemory or WriteProcessMemory request was completed. (0x12B)
[1008/013824.452:ERROR:process_memory_win.cc(73)] ReadMemory at 0x1e84126d370 of 156 bytes failed: Only part of a ReadProcessMemory or WriteProcessMemory request was completed. (0x12B)
[1008/013824.452:ERROR:process_memory_win.cc(73)] ReadMemory at 0x1e84126ee60 of 62 bytes failed: Only part of a ReadProcessMemory or WriteProcessMemory request was completed. (0x12B)
[1008/013824.452:ERROR:process_memory_win.cc(73)] ReadMemory at 0x1e84126eff0 of 64 bytes failed: Only part of a ReadProcessMemory or WriteProcessMemory request was completed. (0x12B)
[1008/013824.452:ERROR:process_memory_win.cc(73)] ReadMemory at 0x1e84126f090 of 60 bytes failed: Only part of a ReadProcessMemory or WriteProcessMemory request was completed. (0x12B)
[1008/013824.452:ERROR:process_memory_win.cc(73)] ReadMemory at 0x1e84126f0e0 of 60 bytes failed: Only part of a ReadProcessMemory or WriteProcessMemory request was completed. (0x12B)
[1008/013824.452:ERROR:process_memory_win.cc(73)] ReadMemory at 0x1e84126f180 of 58 bytes failed: Only part of a ReadProcessMemory or WriteProcessMemory request was completed. (0x12B)
[1008/013824.452:ERROR:process_memory_win.cc(73)] ReadMemory at 0x1e84126f1d0 of 62 bytes failed: Only part of a ReadProcessMemory or WriteProcessMemory request was completed. (0x12B)
[1008/013824.452:ERROR:process_memory_win.cc(73)] ReadMemory at 0x1e84126f4a0 of 66 bytes failed: Only part of a ReadProcessMemory or WriteProcessMemory request was completed. (0x12B)
[1008/013824.453:ERROR:process_memory_win.cc(73)] ReadMemory at 0x1e84126f4f0 of 64 bytes failed: Only part of a ReadProcessMemory or WriteProcessMemory request was completed. (0x12B)
[1008/013824.453:ERROR:process_memory_win.cc(73)] ReadMemory at 0x1e84126f540 of 64 bytes failed: Only part of a ReadProcessMemory or WriteProcessMemory request was completed. (0x12B)
[1008/013824.453:ERROR:process_memory_win.cc(73)] ReadMemory at 0x1e84126faf0 of 80 bytes failed: Only part of a ReadProcessMemory or WriteProcessMemory request was completed. (0x12B)
[1008/013824.453:ERROR:process_memory_win.cc(73)] ReadMemory at 0x1e8412704e0 of 132 bytes failed: Only part of a ReadProcessMemory or WriteProcessMemory request was completed. (0x12B)
[1008/013824.453:ERROR:process_memory_win.cc(73)] ReadMemory at 0x1e841270a70 of 132 bytes failed: Only part of a ReadProcessMemory or WriteProcessMemory request was completed. (0x12B)
[1008/013824.453:ERROR:process_memory_win.cc(73)] ReadMemory at 0x1e841270bf0 of 132 bytes failed: Only part of a ReadProcessMemory or WriteProcessMemory request was completed. (0x12B)
[1008/013824.453:ERROR:process_memory_win.cc(73)] ReadMemory at 0x1e841270d20 of 132 bytes failed: Only part of a ReadProcessMemory or WriteProcessMemory request was completed. (0x12B)
[1008/013824.453:ERROR:process_memory_win.cc(73)] ReadMemory at 0x1e841270e50 of 132 bytes failed: Only part of a ReadProcessMemory or WriteProcessMemory request was completed. (0x12B)
[1008/013824.453:ERROR:process_memory_win.cc(73)] ReadMemory at 0x1e841270f80 of 132 bytes failed: Only part of a ReadProcessMemory or WriteProcessMemory request was completed. (0x12B)
[1008/013824.453:ERROR:process_memory_win.cc(73)] ReadMemory at 0x1e8412710b0 of 132 bytes failed: Only part of a ReadProcessMemory or WriteProcessMemory request was completed. (0x12B)
[1008/013824.453:ERROR:process_memory_win.cc(73)] ReadMemory at 0x1e8412711e0 of 132 bytes failed: Only part of a ReadProcessMemory or WriteProcessMemory request was completed. (0x12B)
[1008/013824.453:ERROR:process_memory_win.cc(73)] ReadMemory at 0x1e841271310 of 132 bytes failed: Only part of a ReadProcessMemory or WriteProcessMemory request was completed. (0x12B)
[1008/013824.453:ERROR:process_memory_win.cc(73)] ReadMemory at 0x1e841271570 of 132 bytes failed: Only part of a ReadProcessMemory or WriteProcessMemory request was completed. (0x12B)
[1008/013824.453:ERROR:process_memory_win.cc(73)] ReadMemory at 0x1e8412716a0 of 132 bytes failed: Only part of a ReadProcessMemory or WriteProcessMemory request was completed. (0x12B)
[1008/013824.453:ERROR:process_memory_win.cc(73)] ReadMemory at 0x1e8412717d0 of 132 bytes failed: Only part of a ReadProcessMemory or WriteProcessMemory request was completed. (0x12B)
[1008/013824.453:ERROR:process_memory_win.cc(73)] ReadMemory at 0x1e841271900 of 132 bytes failed: Only part of a ReadProcessMemory or WriteProcessMemory request was completed. (0x12B)
[1008/013824.453:ERROR:process_memory_win.cc(73)] ReadMemory at 0x1e841271a30 of 132 bytes failed: Only part of a ReadProcessMemory or WriteProcessMemory request was completed. (0x12B)
[1008/013824.454:ERROR:process_memory_win.cc(73)] ReadMemory at 0x1e841274320 of 132 bytes failed: Only part of a ReadProcessMemory or WriteProcessMemory request was completed. (0x12B)
[1008/013824.454:ERROR:process_memory_win.cc(73)] ReadMemory at 0x1e8412755f0 of 54 bytes failed: Only part of a ReadProcessMemory or WriteProcessMemory request was completed. (0x12B)
[1008/013824.454:ERROR:process_memory_win.cc(73)] ReadMemory at 0x1e841275a60 of 132 bytes failed: Only part of a ReadProcessMemory or WriteProcessMemory request was completed. (0x12B)
[1008/013824.454:ERROR:process_memory_win.cc(73)] ReadMemory at 0x1e841275db0 of 132 bytes failed: Only part of a ReadProcessMemory or WriteProcessMemory request was completed. (0x12B)
[1008/013824.454:ERROR:process_memory_win.cc(73)] ReadMemory at 0x1e841279500 of 78 bytes failed: Only part of a ReadProcessMemory or WriteProcessMemory request was completed. (0x12B)
[1008/013824.454:ERROR:process_memory_win.cc(73)] ReadMemory at 0x1e84127a0a0 of 76 bytes failed: Only part of a ReadProcessMemory or WriteProcessMemory request was completed. (0x12B)
[1008/013824.454:ERROR:process_memory_win.cc(73)] ReadMemory at 0x1e84127a4b0 of 66 bytes failed: Only part of a ReadProcessMemory or WriteProcessMemory request was completed. (0x12B)
[1008/013824.454:ERROR:process_memory_win.cc(73)] ReadMemory at 0x1e84127a5a0 of 60 bytes failed: Only part of a ReadProcessMemory or WriteProcessMemory request was completed. (0x12B)
[1008/013824.454:ERROR:process_memory_win.cc(73)] ReadMemory at 0x1e84127a5f0 of 60 bytes failed: Only part of a ReadProcessMemory or WriteProcessMemory request was completed. (0x12B)
[1008/013824.454:ERROR:process_memory_win.cc(73)] ReadMemory at 0x1e84127a690 of 58 bytes failed: Only part of a ReadProcessMemory or WriteProcessMemory request was completed. (0x12B)
[1008/013824.454:ERROR:process_memory_win.cc(73)] ReadMemory at 0x1e84127a820 of 58 bytes failed: Only part of a ReadProcessMemory or WriteProcessMemory request was completed. (0x12B)
[1008/013824.454:ERROR:process_memory_win.cc(73)] ReadMemory at 0x1e84127a870 of 64 bytes failed: Only part of a ReadProcessMemory or WriteProcessMemory request was completed. (0x12B)
[1008/013824.454:ERROR:process_memory_win.cc(73)] ReadMemory at 0x1e84127a960 of 62 bytes failed: Only part of a ReadProcessMemory or WriteProcessMemory request was completed. (0x12B)
[1008/013824.454:ERROR:process_memory_win.cc(73)] ReadMemory at 0x1e84127a9b0 of 62 bytes failed: Only part of a ReadProcessMemory or WriteProcessMemory request was completed. (0x12B)
[1008/013824.454:ERROR:process_memory_win.cc(73)] ReadMemory at 0x1e84127aa00 of 62 bytes failed: Only part of a ReadProcessMemory or WriteProcessMemory request was completed. (0x12B)
[1008/013824.455:ERROR:process_memory_win.cc(73)] ReadMemory at 0x1e84127aa50 of 60 bytes failed: Only part of a ReadProcessMemory or WriteProcessMemory request was completed. (0x12B)
[1008/013824.455:ERROR:process_memory_win.cc(73)] ReadMemory at 0x1e84127aaa0 of 62 bytes failed: Only part of a ReadProcessMemory or WriteProcessMemory request was completed. (0x12B)
[1008/013824.455:ERROR:process_memory_win.cc(73)] ReadMemory at 0x1e84127ab40 of 62 bytes failed: Only part of a ReadProcessMemory or WriteProcessMemory request was completed. (0x12B)
[1008/013824.455:ERROR:process_memory_win.cc(73)] ReadMemory at 0x1e84127ab90 of 62 bytes failed: Only part of a ReadProcessMemory or WriteProcessMemory request was completed. (0x12B)
[1008/013824.455:ERROR:process_memory_win.cc(73)] ReadMemory at 0x1e84127ac30 of 64 bytes failed: Only part of a ReadProcessMemory or WriteProcessMemory request was completed. (0x12B)
[1008/013824.455:ERROR:process_memory_win.cc(73)] ReadMemory at 0x1e84127ae10 of 60 bytes failed: Only part of a ReadProcessMemory or WriteProcessMemory request was completed. (0x12B)
[1008/013824.455:ERROR:process_memory_win.cc(73)] ReadMemory at 0x1e84127ae60 of 64 bytes failed: Only part of a ReadProcessMemory or WriteProcessMemory request was completed. (0x12B)
[1008/013824.455:ERROR:process_memory_win.cc(73)] ReadMemory at 0x1e84127aeb0 of 62 bytes failed: Only part of a ReadProcessMemory or WriteProcessMemory request was completed. (0x12B)
[1008/013824.455:ERROR:process_memory_win.cc(73)] ReadMemory at 0x1e84127af00 of 64 bytes failed: Only part of a ReadProcessMemory or WriteProcessMemory request was completed. (0x12B)
[1008/013824.455:ERROR:process_memory_win.cc(73)] ReadMemory at 0x1e84127b090 of 64 bytes failed: Only part of a ReadProcessMemory or WriteProcessMemory request was completed. (0x12B)
[1008/013824.455:ERROR:process_memory_win.cc(73)] ReadMemory at 0x1e84127b130 of 66 bytes failed: Only part of a ReadProcessMemory or WriteProcessMemory request was completed. (0x12B)
[1008/013824.455:ERROR:process_memory_win.cc(73)] ReadMemory at 0x1e84127b270 of 62 bytes failed: Only part of a ReadProcessMemory or WriteProcessMemory request was completed. (0x12B)
[1008/013824.455:ERROR:process_memory_win.cc(73)] ReadMemory at 0x1e84127b310 of 60 bytes failed: Only part of a ReadProcessMemory or WriteProcessMemory request was completed. (0x12B)
[1008/013824.455:ERROR:process_memory_win.cc(73)] ReadMemory at 0x1e84127b360 of 60 bytes failed: Only part of a ReadProcessMemory or WriteProcessMemory request was completed. (0x12B)
[1008/013824.455:ERROR:process_memory_win.cc(73)] ReadMemory at 0x1e84127b4c0 of 132 bytes failed: Only part of a ReadProcessMemory or WriteProcessMemory request was completed. (0x12B)
[1008/013824.455:ERROR:process_memory_win.cc(73)] ReadMemory at 0x1e84127b5f0 of 132 bytes failed: Only part of a ReadProcessMemory or WriteProcessMemory request was completed. (0x12B)
[1008/013824.455:ERROR:process_memory_win.cc(73)] ReadMemory at 0x1e84127b720 of 132 bytes failed: Only part of a ReadProcessMemory or WriteProcessMemory request was completed. (0x12B)
[1008/013824.456:ERROR:process_memory_win.cc(73)] ReadMemory at 0x1e84127b850 of 132 bytes failed: Only part of a ReadProcessMemory or WriteProcessMemory request was completed. (0x12B)
[1008/013824.456:ERROR:process_memory_win.cc(73)] ReadMemory at 0x1e84127b980 of 132 bytes failed: Only part of a ReadProcessMemory or WriteProcessMemory request was completed. (0x12B)
[1008/013824.456:ERROR:process_memory_win.cc(73)] ReadMemory at 0x1e84127bab0 of 132 bytes failed: Only part of a ReadProcessMemory or WriteProcessMemory request was completed. (0x12B)
[1008/013824.456:ERROR:process_memory_win.cc(73)] ReadMemory at 0x1e84127bd10 of 132 bytes failed: Only part of a ReadProcessMemory or WriteProcessMemory request was completed. (0x12B)
[1008/013824.456:ERROR:process_memory_win.cc(73)] ReadMemory at 0x1e84127be40 of 132 bytes failed: Only part of a ReadProcessMemory or WriteProcessMemory request was completed. (0x12B)
[1008/013824.456:ERROR:process_memory_win.cc(73)] ReadMemory at 0x1e84127bf70 of 132 bytes failed: Only part of a ReadProcessMemory or WriteProcessMemory request was completed. (0x12B)
[1008/013824.456:ERROR:process_memory_win.cc(73)] ReadMemory at 0x1e84127c0a0 of 132 bytes failed: Only part of a ReadProcessMemory or WriteProcessMemory request was completed. (0x12B)
[1008/013824.456:ERROR:process_memory_win.cc(73)] ReadMemory at 0x1e84127c1d0 of 132 bytes failed: Only part of a ReadProcessMemory or WriteProcessMemory request was completed. (0x12B)
[1008/013824.456:ERROR:process_memory_win.cc(73)] ReadMemory at 0x1e84127c300 of 132 bytes failed: Only part of a ReadProcessMemory or WriteProcessMemory request was completed. (0x12B)
[1008/013824.456:ERROR:process_memory_win.cc(73)] ReadMemory at 0x1e84127c430 of 132 bytes failed: Only part of a ReadProcessMemory or WriteProcessMemory request was completed. (0x12B)
[1008/013824.456:ERROR:process_memory_win.cc(73)] ReadMemory at 0x1e84127c560 of 132 bytes failed: Only part of a ReadProcessMemory or WriteProcessMemory request was completed. (0x12B)
[1008/013824.456:ERROR:process_memory_win.cc(73)] ReadMemory at 0x1e84127c7c0 of 132 bytes failed: Only part of a ReadProcessMemory or WriteProcessMemory request was completed. (0x12B)
[1008/013824.456:ERROR:process_memory_win.cc(73)] ReadMemory at 0x1e84127c8f0 of 132 bytes failed: Only part of a ReadProcessMemory or WriteProcessMemory request was completed. (0x12B)
[1008/013824.456:ERROR:process_memory_win.cc(73)] ReadMemory at 0x1e84127ca20 of 132 bytes failed: Only part of a ReadProcessMemory or WriteProcessMemory request was completed. (0x12B)
[1008/013824.456:ERROR:process_memory_win.cc(73)] ReadMemory at 0x1e84127cb50 of 132 bytes failed: Only part of a ReadProcessMemory or WriteProcessMemory request was completed. (0x12B)
[1008/013824.456:ERROR:process_memory_win.cc(73)] ReadMemory at 0x1e84127cc80 of 132 bytes failed: Only part of a ReadProcessMemory or WriteProcessMemory request was completed. (0x12B)
[1008/013824.457:ERROR:process_memory_win.cc(73)] ReadMemory at 0x1e84127cdb0 of 132 bytes failed: Only part of a ReadProcessMemory or WriteProcessMemory request was completed. (0x12B)
[1008/013824.457:ERROR:process_memory_win.cc(73)] ReadMemory at 0x1e84127cee0 of 132 bytes failed: Only part of a ReadProcessMemory or WriteProcessMemory request was completed. (0x12B)
[1008/013824.457:ERROR:process_memory_win.cc(73)] ReadMemory at 0x1e84127d010 of 132 bytes failed: Only part of a ReadProcessMemory or WriteProcessMemory request was completed. (0x12B)
[1008/013824.457:ERROR:process_memory_win.cc(73)] ReadMemory at 0x1e84127d140 of 132 bytes failed: Only part of a ReadProcessMemory or WriteProcessMemory request was completed. (0x12B)
[1008/013824.457:ERROR:process_memory_win.cc(73)] ReadMemory at 0x1e84127d270 of 132 bytes failed: Only part of a ReadProcessMemory or WriteProcessMemory request was completed. (0x12B)
[1008/013824.457:ERROR:process_memory_win.cc(73)] ReadMemory at 0x1e84128e1d0 of 58 bytes failed: Only part of a ReadProcessMemory or WriteProcessMemory request was completed. (0x12B)
[1008/013824.457:ERROR:process_memory_win.cc(73)] ReadMemory at 0x1e84128e220 of 62 bytes failed: Only part of a ReadProcessMemory or WriteProcessMemory request was completed. (0x12B)
[1008/013824.457:ERROR:process_memory_win.cc(73)] ReadMemory at 0x1e84128e720 of 58 bytes failed: Only part of a ReadProcessMemory or WriteProcessMemory request was completed. (0x12B)
[1008/013824.457:ERROR:process_memory_win.cc(73)] ReadMemory at 0x1e84128e770 of 62 bytes failed: Only part of a ReadProcessMemory or WriteProcessMemory request was completed. (0x12B)
[1008/013824.457:ERROR:process_memory_win.cc(73)] ReadMemory at 0x1e84128eb30 of 64 bytes failed: Only part of a ReadProcessMemory or WriteProcessMemory request was completed. (0x12B)
[1008/013824.457:ERROR:process_memory_win.cc(73)] ReadMemory at 0x1e84128ecc0 of 62 bytes failed: Only part of a ReadProcessMemory or WriteProcessMemory request was completed. (0x12B)
[1008/013824.457:ERROR:process_memory_win.cc(73)] ReadMemory at 0x1e841298580 of 512 bytes failed: Only part of a ReadProcessMemory or WriteProcessMemory request was completed. (0x12B)
[1008/013824.457:ERROR:process_memory_win.cc(73)] ReadMemory at 0x1e84129fb70 of 512 bytes failed: Only part of a ReadProcessMemory or WriteProcessMemory request was completed. (0x12B)
[1008/013824.457:ERROR:process_memory_win.cc(73)] ReadMemory at 0x1e841546760 of 512 bytes failed: Only part of a ReadProcessMemory or WriteProcessMemory request was completed. (0x12B)
[1008/013824.458:ERROR:process_memory_win.cc(73)] ReadMemory at 0x1e841565a70 of 712 bytes failed: Only part of a ReadProcessMemory or WriteProcessMemory request was completed. (0x12B)
[1008/013824.458:ERROR:process_memory_win.cc(73)] ReadMemory at 0x1e841610c20 of 512 bytes failed: Only part of a ReadProcessMemory or WriteProcessMemory request was completed. (0x12B)
[1008/013824.458:ERROR:process_memory_win.cc(73)] ReadMemory at 0x1e8416a8eaa of 512 bytes failed: Only part of a ReadProcessMemory or WriteProcessMemory request was completed. (0x12B)
[1008/013824.458:ERROR:process_memory_win.cc(73)] ReadMemory at 0x1e842b17470 of 512 bytes failed: Only part of a ReadProcessMemory or WriteProcessMemory request was completed. (0x12B)
[1008/013824.458:ERROR:process_memory_win.cc(73)] ReadMemory at 0x1e842c27132 of 512 bytes failed: Only part of a ReadProcessMemory or WriteProcessMemory request was completed. (0x12B)
[1008/013824.458:ERROR:process_memory_win.cc(73)] ReadMemory at 0x1e843096acc of 512 bytes failed: Only part of a ReadProcessMemory or WriteProcessMemory request was completed. (0x12B)
[1008/013824.458:ERROR:process_memory_win.cc(73)] ReadMemory at 0x1e843987439 of 512 bytes failed: Only part of a ReadProcessMemory or WriteProcessMemory request was completed. (0x12B)
[1008/013824.458:ERROR:process_memory_win.cc(73)] ReadMemory at 0x1e845b16cfc of 512 bytes failed: Only part of a ReadProcessMemory or WriteProcessMemory request was completed. (0x12B)
[1008/013824.458:ERROR:process_memory_win.cc(73)] ReadMemory at 0x1e845bd087d of 512 bytes failed: Only part of a ReadProcessMemory or WriteProcessMemory request was completed. (0x12B)
[1008/013824.458:ERROR:process_memory_win.cc(73)] ReadMemory at 0x1e845bd1b2a of 512 bytes failed: Only part of a ReadProcessMemory or WriteProcessMemory request was completed. (0x12B)
[1008/013824.458:ERROR:process_memory_win.cc(73)] ReadMemory at 0x1e845e477e3 of 512 bytes failed: Only part of a ReadProcessMemory or WriteProcessMemory request was completed. (0x12B)
[1008/013824.458:ERROR:process_memory_win.cc(73)] ReadMemory at 0x1e848a168a8 of 512 bytes failed: Only part of a ReadProcessMemory or WriteProcessMemory request was completed. (0x12B)
[1008/013824.458:ERROR:process_memory_win.cc(73)] ReadMemory at 0x1e848a16c98 of 512 bytes failed: Only part of a ReadProcessMemory or WriteProcessMemory request was completed. (0x12B)
[1008/013824.459:ERROR:process_memory_win.cc(73)] ReadMemory at 0x1e848a17bc8 of 512 bytes failed: Only part of a ReadProcessMemory or WriteProcessMemory request was completed. (0x12B)
[1008/013824.459:ERROR:process_memory_win.cc(73)] ReadMemory at 0x1e848b1d8e8 of 512 bytes failed: Only part of a ReadProcessMemory or WriteProcessMemory request was completed. (0x12B)
[1008/013824.459:ERROR:process_memory_win.cc(73)] ReadMemory at 0x1e848b8ecf0 of 512 bytes failed: Only part of a ReadProcessMemory or WriteProcessMemory request was completed. (0x12B)
[1008/013824.459:ERROR:process_memory_win.cc(73)] ReadMemory at 0x1e8490e7840 of 512 bytes failed: Only part of a ReadProcessMemory or WriteProcessMemory request was completed. (0x12B)
[1008/013824.459:ERROR:process_memory_win.cc(73)] ReadMemory at 0x1e8490ed580 of 512 bytes failed: Only part of a ReadProcessMemory or WriteProcessMemory request was completed. (0x12B)
[1008/013824.459:ERROR:process_memory_win.cc(73)] ReadMemory at 0x1e8493486b0 of 512 bytes failed: Only part of a ReadProcessMemory or WriteProcessMemory request was completed. (0x12B)
[1008/013824.459:ERROR:process_memory_win.cc(73)] ReadMemory at 0x1e849348b70 of 512 bytes failed: Only part of a ReadProcessMemory or WriteProcessMemory request was completed. (0x12B)
[1008/013824.459:ERROR:process_memory_win.cc(73)] ReadMemory at 0x1e8493edad0 of 512 bytes failed: Only part of a ReadProcessMemory or WriteProcessMemory request was completed. (0x12B)
[1008/013824.459:ERROR:process_memory_win.cc(73)] ReadMemory at 0x7ffe13709921 of 512 bytes failed: Only part of a ReadProcessMemory or WriteProcessMemory request was completed. (0x12B)
[1008/013824.459:ERROR:process_memory_win.cc(73)] ReadMemory at 0x7ffe4876a7b9 of 512 bytes failed: Only part of a ReadProcessMemory or WriteProcessMemory request was completed. (0x12B)
[1008/013824.459:ERROR:process_memory_win.cc(73)] ReadMemory at 0x7ffe4899b6d0 of 512 bytes failed: Only part of a ReadProcessMemory or WriteProcessMemory request was completed. (0x12B)
[1008/013824.459:ERROR:process_memory_win.cc(73)] ReadMemory at 0x7ffe4a291f80 of 512 bytes failed: Only part of a ReadProcessMemory or WriteProcessMemory request was completed. (0x12B)
[1008/013824.460:ERROR:process_memory_win.cc(73)] ReadMemory at 0x7ffe4b55fb91 of 512 bytes failed: Only part of a ReadProcessMemory or WriteProcessMemory request was completed. (0x12B)
[1008/013824.460:ERROR:process_memory_win.cc(73)] ReadMemory at 0x7ffe4b5bc0d4 of 512 bytes failed: Only part of a ReadProcessMemory or WriteProcessMemory request was completed. (0x12B)
[1008/013824.460:ERROR:process_memory_win.cc(73)] ReadMemory at 0x7ffe4b5bf984 of 608 bytes failed: Only part of a ReadProcessMemory or WriteProcessMemory request was completed. (0x12B)
[1008/013824.460:ERROR:process_memory_win.cc(73)] ReadMemory at 0x7ffe4b64c428 of 18 bytes failed: Only part of a ReadProcessMemory or WriteProcessMemory request was completed. (0x12B)
[1008/013824.460:ERROR:process_memory_win.cc(73)] ReadMemory at 0x7ffe4b67f4f8 of 40 bytes failed: Only part of a ReadProcessMemory or WriteProcessMemory request was completed. (0x12B)
[1008/013824.460:ERROR:process_memory_win.cc(73)] ReadMemory at 0x7ffe4b67f978 of 48 bytes failed: Only part of a ReadProcessMemory or WriteProcessMemory request was completed. (0x12B)
[1008/013824.460:ERROR:process_memory_win.cc(73)] ReadMemory at 0x7ffe4b6853c0 of 64 bytes failed: Only part of a ReadProcessMemory or WriteProcessMemory request was completed. (0x12B)
[1008/013824.461:ERROR:scoped_process_suspend.cc(40)] NtResumeProcess: An attempt was made to access an exiting process. (0xc000010a)
[1018/123812.108:ERROR:process_reader_win.cc(123)] NtOpenThread: {Access Denied} A process has requested access to an object, but has not been granted those access rights. (0xc0000022)
[1018/123812.111:ERROR:exception_snapshot_win.cc(98)] thread ID 36140 not found in process
[1018/124159.603:ERROR:process_reader_win.cc(123)] NtOpenThread: {Access Denied} A process has requested access to an object, but has not been granted those access rights. (0xc0000022)
[1018/124159.607:ERROR:exception_snapshot_win.cc(98)] thread ID 39460 not found in process
[1018/124517.681:ERROR:process_reader_win.cc(123)] NtOpenThread: {Access Denied} A process has requested access to an object, but has not been granted those access rights. (0xc0000022)
[1018/124517.683:ERROR:exception_snapshot_win.cc(98)] thread ID 3128 not found in process
[1018/124853.835:ERROR:process_reader_win.cc(123)] NtOpenThread: {Access Denied} A process has requested access to an object, but has not been granted those access rights. (0xc0000022)
[1018/124853.839:ERROR:exception_snapshot_win.cc(98)] thread ID 19360 not found in process
[1020/131811.973:ERROR:process_reader_win.cc(151)] SuspendThread: Access is denied. (0x5)
[1020/131812.066:ERROR:process_reader_win.cc(151)] SuspendThread: Access is denied. (0x5)
[1020/131812.066:ERROR:process_reader_win.cc(151)] SuspendThread: Access is denied. (0x5)
[1020/131812.066:ERROR:process_reader_win.cc(123)] NtOpenThread: {Access Denied} A process has requested access to an object, but has not been granted those access rights. (0xc0000022)
[1020/131812.079:ERROR:exception_snapshot_win.cc(98)] thread ID 7636 not found in process
[1020/131814.992:ERROR:process_reader_win.cc(151)] SuspendThread: Access is denied. (0x5)
[1020/131814.993:ERROR:process_reader_win.cc(151)] SuspendThread: Access is denied. (0x5)
[1020/131814.993:ERROR:process_reader_win.cc(151)] SuspendThread: Access is denied. (0x5)
[1020/131814.993:ERROR:process_reader_win.cc(123)] NtOpenThread: {Access Denied} A process has requested access to an object, but has not been granted those access rights. (0xc0000022)
[1020/131814.994:ERROR:exception_snapshot_win.cc(98)] thread ID 24852 not found in process
[1021/111211.902:ERROR:process_reader_win.cc(123)] NtOpenThread: {Access Denied} A process has requested access to an object, but has not been granted those access rights. (0xc0000022)
[1021/111212.243:ERROR:exception_snapshot_win.cc(98)] thread ID 19696 not found in process
[1021/111225.814:ERROR:process_reader_win.cc(123)] NtOpenThread: {Access Denied} A process has requested access to an object, but has not been granted those access rights. (0xc0000022)
[1021/111225.816:ERROR:exception_snapshot_win.cc(98)] thread ID 14624 not found in process
[1021/111937.086:ERROR:process_reader_win.cc(123)] NtOpenThread: {Access Denied} A process has requested access to an object, but has not been granted those access rights. (0xc0000022)
[1021/111937.089:ERROR:exception_snapshot_win.cc(98)] thread ID 17616 not found in process
[1021/111937.095:ERROR:process_reader_win.cc(123)] NtOpenThread: {Access Denied} A process has requested access to an object, but has not been granted those access rights. (0xc0000022)
[1021/111937.100:ERROR:exception_snapshot_win.cc(98)] thread ID 7128 not found in process
[1021/111937.102:ERROR:process_reader_win.cc(123)] NtOpenThread: {Access Denied} A process has requested access to an object, but has not been granted those access rights. (0xc0000022)
[1021/111937.106:ERROR:exception_snapshot_win.cc(98)] thread ID 5092 not found in process
